{"timestamp": 1782238008.2702503, "key_index": 1, "latency_ms": 5403, "tokens_used": 1064, "status_code": 200, "error_type": "none"}
{"timestamp": 1782238011.6061304, "key_index": 2, "latency_ms": 3331, "tokens_used": 1056, "status_code": 200, "error_type": "none"}
{"timestamp": 1782238015.701626, "key_index": 3, "latency_ms": 4093, "tokens_used": 1125, "status_code": 200, "error_type": "none"}
{"timestamp": 1782238020.865377, "key_index": 4, "latency_ms": 5161, "tokens_used": 1061, "status_code": 200, "error_type": "none"}
{"timestamp": 1782238031.6098082, "key_index": 5, "latency_ms": 10742, "tokens_used": 1054, "status_code": 200, "error_type": "none"}
{"timestamp": 1782238037.4328456, "key_index": 6, "latency_ms": 5819, "tokens_used": 1136, "status_code": 200, "error_type": "none"}
{"timestamp": 1782238041.8463788, "key_index": 7, "latency_ms": 4410, "tokens_used": 1057, "status_code": 200, "error_type": "none"}
{"timestamp": 1782238052.1703305, "key_index": 8, "latency_ms": 10320, "tokens_used": 1156, "status_code": 200, "error_type": "none"}
{"timestamp": 1782238058.605575, "key_index": 9, "latency_ms": 6431, "tokens_used": 1055, "status_code": 200, "error_type": "none"}
{"timestamp": 1782238065.9114618, "key_index": 10, "latency_ms": 7303, "tokens_used": 1060, "status_code": 200, "error_type": "none"}
{"timestamp": 1782238070.3693342, "key_index": 11, "latency_ms": 4455, "tokens_used": 1067, "status_code": 200, "error_type": "none"}
{"timestamp": 1782238076.9000685, "key_index": 12, "latency_ms": 6527, "tokens_used": 1248, "status_code": 200, "error_type": "none"}
{"timestamp": 1782238080.5548973, "key_index": 13, "latency_ms": 3651, "tokens_used": 1054, "status_code": 200, "error_type": "none"}
{"timestamp": 1782238084.2808228, "key_index": 14, "latency_ms": 3723, "tokens_used": 1054, "status_code": 200, "error_type": "none"}
{"timestamp": 1782238087.442194, "key_index": 15, "latency_ms": 3158, "tokens_used": 1058, "status_code": 200, "error_type": "none"}
{"timestamp": 1782238091.6858752, "key_index": 16, "latency_ms": 4243, "tokens_used": 1130, "status_code": 200, "error_type": "none"}
{"timestamp": 1782238100.7089772, "key_index": 17, "latency_ms": 9019, "tokens_used": 1066, "status_code": 200, "error_type": "none"}
{"timestamp": 1782238110.2164054, "key_index": 18, "latency_ms": 9503, "tokens_used": 1060, "status_code": 200, "error_type": "none"}
{"timestamp": 1782238121.0967076, "key_index": 19, "latency_ms": 10876, "tokens_used": 1093, "status_code": 200, "error_type": "none"}
{"timestamp": 1782238125.7386992, "key_index": 20, "latency_ms": 4637, "tokens_used": 1062, "status_code": 200, "error_type": "none"}
{"timestamp": 1782238126.9179559, "key_index": 21, "latency_ms": 1175, "tokens_used": 0, "status_code": 429, "error_type": "request_limit"}
{"timestamp": 1782238128.8567116, "key_index": 22, "latency_ms": 1938, "tokens_used": 0, "status_code": 429, "error_type": "request_limit"}
{"timestamp": 1782238130.4915793, "key_index": 23, "latency_ms": 1634, "tokens_used": 0, "status_code": 429, "error_type": "request_limit"}
{"timestamp": 1782238131.6476498, "key_index": 24, "latency_ms": 1155, "tokens_used": 0, "status_code": 429, "error_type": "request_limit"}
{"timestamp": 1782238133.267802, "key_index": 25, "latency_ms": 1620, "tokens_used": 0, "status_code": 429, "error_type": "request_limit"}
{"timestamp": 1782238140.0949247, "key_index": 26, "latency_ms": 6826, "tokens_used": 1108, "status_code": 200, "error_type": "none"}
{"timestamp": 1782238143.8692193, "key_index": 27, "latency_ms": 3771, "tokens_used": 1122, "status_code": 200, "error_type": "none"}
{"timestamp": 1782238145.1218061, "key_index": 28, "latency_ms": 1249, "tokens_used": 0, "status_code": 429, "error_type": "request_limit"}
{"timestamp": 1782238146.3601558, "key_index": 29, "latency_ms": 1238, "tokens_used": 0, "status_code": 429, "error_type": "request_limit"}
{"timestamp": 1782238147.512845, "key_index": 30, "latency_ms": 1152, "tokens_used": 0, "status_code": 429, "error_type": "request_limit"}
{"timestamp": 1782238148.6831038, "key_index": 31, "latency_ms": 1170, "tokens_used": 0, "status_code": 429, "error_type": "request_limit"}
{"timestamp": 1782238152.8459039, "key_index": 32, "latency_ms": 1155, "tokens_used": 0, "status_code": 429, "error_type": "request_limit"}
{"timestamp": 1782238161.8943949, "key_index": 33, "latency_ms": 1181, "tokens_used": 0, "status_code": 429, "error_type": "request_limit"}
{"timestamp": 1782238171.368593, "key_index": 34, "latency_ms": 1148, "tokens_used": 0, "status_code": 429, "error_type": "request_limit"}
{"timestamp": 1782238183.243524, "key_index": 35, "latency_ms": 2142, "tokens_used": 0, "status_code": 429, "error_type": "request_limit"}
{"timestamp": 1782238186.977033, "key_index": 36, "latency_ms": 1233, "tokens_used": 0, "status_code": 429, "error_type": "request_limit"}
{"timestamp": 1782238188.136683, "key_index": 37, "latency_ms": 1159, "tokens_used": 0, "status_code": 429, "error_type": "request_limit"}
{"timestamp": 1782238190.004824, "key_index": 38, "latency_ms": 1147, "tokens_used": 0, "status_code": 429, "error_type": "request_limit"}
{"timestamp": 1782238192.244307, "key_index": 39, "latency_ms": 1751, "tokens_used": 0, "status_code": 429, "error_type": "request_limit"}
{"timestamp": 1782238193.9456286, "key_index": 40, "latency_ms": 1700, "tokens_used": 0, "status_code": 429, "error_type": "request_limit"}
{"timestamp": 1782238195.2127335, "key_index": 41, "latency_ms": 1267, "tokens_used": 0, "status_code": 429, "error_type": "request_limit"}
{"timestamp": 1782238202.1650777, "key_index": 42, "latency_ms": 2067, "tokens_used": 0, "status_code": 429, "error_type": "request_limit"}
{"timestamp": 1782238205.101752, "key_index": 43, "latency_ms": 1228, "tokens_used": 0, "status_code": 429, "error_type": "request_limit"}
{"timestamp": 1782238206.7700644, "key_index": 0, "latency_ms": 1167, "tokens_used": 0, "status_code": 429, "error_type": "request_limit"}
{"timestamp": 1782238208.7418354, "key_index": 1, "latency_ms": 1971, "tokens_used": 0, "status_code": 429, "error_type": "request_limit"}
{"timestamp": 1782238210.4105535, "key_index": 2, "latency_ms": 1668, "tokens_used": 0, "status_code": 429, "error_type": "request_limit"}
{"timestamp": 1782238212.8205457, "key_index": 3, "latency_ms": 1129, "tokens_used": 0, "status_code": 429, "error_type": "request_limit"}
{"timestamp": 1782238222.6154015, "key_index": 4, "latency_ms": 1901, "tokens_used": 0, "status_code": 429, "error_type": "request_limit"}
{"timestamp": 1782238232.186499, "key_index": 5, "latency_ms": 1965, "tokens_used": 0, "status_code": 429, "error_type": "request_limit"}
{"timestamp": 1782238242.2669618, "key_index": 6, "latency_ms": 1165, "tokens_used": 0, "status_code": 429, "error_type": "request_limit"}
{"timestamp": 1782238246.888581, "key_index": 7, "latency_ms": 1144, "tokens_used": 0, "status_code": 429, "error_type": "request_limit"}
{"timestamp": 1782238248.5391526, "key_index": 8, "latency_ms": 1149, "tokens_used": 0, "status_code": 429, "error_type": "request_limit"}
{"timestamp": 1782238249.99782, "key_index": 9, "latency_ms": 1139, "tokens_used": 0, "status_code": 429, "error_type": "request_limit"}
{"timestamp": 1782238251.6710255, "key_index": 10, "latency_ms": 1177, "tokens_used": 0, "status_code": 429, "error_type": "request_limit"}
{"timestamp": 1782238253.4133034, "key_index": 11, "latency_ms": 1166, "tokens_used": 0, "status_code": 429, "error_type": "request_limit"}
{"timestamp": 1782238255.0805674, "key_index": 12, "latency_ms": 1134, "tokens_used": 0, "status_code": 429, "error_type": "request_limit"}
{"timestamp": 1782238261.2627902, "key_index": 13, "latency_ms": 1163, "tokens_used": 0, "status_code": 429, "error_type": "request_limit"}
{"timestamp": 1782238265.588597, "key_index": 14, "latency_ms": 1715, "tokens_used": 0, "status_code": 429, "error_type": "request_limit"}
{"timestamp": 1782238267.2429183, "key_index": 15, "latency_ms": 1153, "tokens_used": 0, "status_code": 429, "error_type": "request_limit"}
{"timestamp": 1782238268.376767, "key_index": 16, "latency_ms": 1133, "tokens_used": 0, "status_code": 429, "error_type": "request_limit"}
{"timestamp": 1782238269.898087, "key_index": 17, "latency_ms": 1153, "tokens_used": 0, "status_code": 429, "error_type": "request_limit"}
{"timestamp": 1782238272.830034, "key_index": 18, "latency_ms": 1137, "tokens_used": 0, "status_code": 429, "error_type": "request_limit"}
{"timestamp": 1782238281.907241, "key_index": 19, "latency_ms": 1192, "tokens_used": 0, "status_code": 429, "error_type": "request_limit"}
{"timestamp": 1782238291.9038172, "key_index": 20, "latency_ms": 1682, "tokens_used": 0, "status_code": 429, "error_type": "request_limit"}
{"timestamp": 1782238302.2547863, "key_index": 21, "latency_ms": 1152, "tokens_used": 0, "status_code": 429, "error_type": "request_limit"}
{"timestamp": 1782238308.349629, "key_index": 22, "latency_ms": 2604, "tokens_used": 1060, "status_code": 200, "error_type": "none"}
{"timestamp": 1782238313.7827482, "key_index": 23, "latency_ms": 5429, "tokens_used": 1064, "status_code": 200, "error_type": "none"}
{"timestamp": 1782238317.6700299, "key_index": 24, "latency_ms": 3876, "tokens_used": 1068, "status_code": 200, "error_type": "none"}
{"timestamp": 1782238322.7594373, "key_index": 25, "latency_ms": 5086, "tokens_used": 1066, "status_code": 200, "error_type": "none"}
{"timestamp": 1782238327.789963, "key_index": 26, "latency_ms": 5027, "tokens_used": 1066, "status_code": 200, "error_type": "none"}
{"timestamp": 1782238332.376082, "key_index": 27, "latency_ms": 4583, "tokens_used": 1077, "status_code": 200, "error_type": "none"}
{"timestamp": 1782238332.903621, "key_index": 28, "latency_ms": 521, "tokens_used": 0, "status_code": 500, "error_type": "server_error"}
{"timestamp": 1782238414.5289595, "key_index": 29, "latency_ms": 81625, "tokens_used": 4319, "status_code": 200, "error_type": "none"}
{"timestamp": 1782238881.8728552, "key_index": 1, "latency_ms": 3511, "tokens_used": 239, "status_code": 200, "error_type": "none"}
{"timestamp": 1782239443.6905627, "key_index": 1, "latency_ms": 1405, "tokens_used": 239, "status_code": 200, "error_type": "none"}
{"timestamp": 1782239611.418992, "key_index": 1, "latency_ms": 2817, "tokens_used": 239, "status_code": 200, "error_type": "none"}
{"timestamp": 1782239923.2436535, "key_index": 1, "latency_ms": 8096, "tokens_used": 1064, "status_code": 200, "error_type": "none"}
{"timestamp": 1782239926.005888, "key_index": 2, "latency_ms": 2741, "tokens_used": 1056, "status_code": 200, "error_type": "none"}
{"timestamp": 1782239928.5284364, "key_index": 3, "latency_ms": 2522, "tokens_used": 1125, "status_code": 200, "error_type": "none"}
{"timestamp": 1782239932.6584554, "key_index": 4, "latency_ms": 4118, "tokens_used": 1061, "status_code": 200, "error_type": "none"}
{"timestamp": 1782239937.3259456, "key_index": 5, "latency_ms": 4664, "tokens_used": 1054, "status_code": 200, "error_type": "none"}
{"timestamp": 1782239943.7261658, "key_index": 6, "latency_ms": 6396, "tokens_used": 1136, "status_code": 200, "error_type": "none"}
{"timestamp": 1782239947.5886385, "key_index": 7, "latency_ms": 3852, "tokens_used": 1057, "status_code": 200, "error_type": "none"}
{"timestamp": 1782239952.5623221, "key_index": 8, "latency_ms": 4970, "tokens_used": 1156, "status_code": 200, "error_type": "none"}
{"timestamp": 1782239957.829937, "key_index": 9, "latency_ms": 5205, "tokens_used": 1055, "status_code": 200, "error_type": "none"}
{"timestamp": 1782239964.5166893, "key_index": 10, "latency_ms": 6680, "tokens_used": 1060, "status_code": 200, "error_type": "none"}
{"timestamp": 1782239967.1670518, "key_index": 11, "latency_ms": 2644, "tokens_used": 1067, "status_code": 200, "error_type": "none"}
{"timestamp": 1782239974.5662565, "key_index": 12, "latency_ms": 7396, "tokens_used": 1248, "status_code": 200, "error_type": "none"}
{"timestamp": 1782239984.6610951, "key_index": 13, "latency_ms": 4424, "tokens_used": 1054, "status_code": 200, "error_type": "none"}
{"timestamp": 1782239991.4242318, "key_index": 14, "latency_ms": 3096, "tokens_used": 1054, "status_code": 200, "error_type": "none"}
{"timestamp": 1782239993.9488504, "key_index": 15, "latency_ms": 2509, "tokens_used": 1058, "status_code": 200, "error_type": "none"}
{"timestamp": 1782239996.3413942, "key_index": 16, "latency_ms": 2391, "tokens_used": 1130, "status_code": 200, "error_type": "none"}
{"timestamp": 1782240003.3640893, "key_index": 17, "latency_ms": 5657, "tokens_used": 1066, "status_code": 200, "error_type": "none"}
{"timestamp": 1782240008.2376063, "key_index": 18, "latency_ms": 4852, "tokens_used": 1060, "status_code": 200, "error_type": "none"}
{"timestamp": 1782240014.8138723, "key_index": 19, "latency_ms": 6058, "tokens_used": 1093, "status_code": 200, "error_type": "none"}
{"timestamp": 1782240018.8442822, "key_index": 20, "latency_ms": 3971, "tokens_used": 1062, "status_code": 200, "error_type": "none"}
{"timestamp": 1782240024.9645026, "key_index": 21, "latency_ms": 6114, "tokens_used": 1108, "status_code": 200, "error_type": "none"}
{"timestamp": 1782240026.880076, "key_index": 22, "latency_ms": 1897, "tokens_used": 0, "status_code": 429, "error_type": "request_limit"}
{"timestamp": 1782240030.616895, "key_index": 23, "latency_ms": 1091, "tokens_used": 0, "status_code": 429, "error_type": "request_limit"}
{"timestamp": 1782240033.2486615, "key_index": 24, "latency_ms": 1075, "tokens_used": 0, "status_code": 429, "error_type": "request_limit"}
{"timestamp": 1782240050.9601521, "key_index": 25, "latency_ms": 5717, "tokens_used": 1122, "status_code": 200, "error_type": "none"}
{"timestamp": 1782240054.5204573, "key_index": 26, "latency_ms": 1189, "tokens_used": 0, "status_code": 429, "error_type": "request_limit"}
{"timestamp": 1782240057.6485107, "key_index": 27, "latency_ms": 1205, "tokens_used": 0, "status_code": 429, "error_type": "request_limit"}
{"timestamp": 1782240060.8668633, "key_index": 28, "latency_ms": 1911, "tokens_used": 0, "status_code": 429, "error_type": "request_limit"}
{"timestamp": 1782240063.9297016, "key_index": 29, "latency_ms": 1220, "tokens_used": 0, "status_code": 429, "error_type": "request_limit"}
{"timestamp": 1782240069.5543847, "key_index": 30, "latency_ms": 1166, "tokens_used": 0, "status_code": 429, "error_type": "request_limit"}
{"timestamp": 1782240075.4310708, "key_index": 31, "latency_ms": 1674, "tokens_used": 0, "status_code": 429, "error_type": "request_limit"}
{"timestamp": 1782240081.1275363, "key_index": 32, "latency_ms": 1251, "tokens_used": 0, "status_code": 429, "error_type": "request_limit"}
{"timestamp": 1782240085.0021904, "key_index": 33, "latency_ms": 1151, "tokens_used": 0, "status_code": 429, "error_type": "request_limit"}
{"timestamp": 1782240091.7643187, "key_index": 34, "latency_ms": 1779, "tokens_used": 0, "status_code": 429, "error_type": "request_limit"}
{"timestamp": 1782240095.7100234, "key_index": 35, "latency_ms": 1180, "tokens_used": 0, "status_code": 429, "error_type": "request_limit"}
{"timestamp": 1782240098.3705864, "key_index": 36, "latency_ms": 1193, "tokens_used": 0, "status_code": 429, "error_type": "request_limit"}
{"timestamp": 1782240111.888446, "key_index": 37, "latency_ms": 1641, "tokens_used": 0, "status_code": 429, "error_type": "request_limit"}
{"timestamp": 1782240119.489908, "key_index": 38, "latency_ms": 1155, "tokens_used": 0, "status_code": 429, "error_type": "request_limit"}
{"timestamp": 1782240122.6642725, "key_index": 39, "latency_ms": 1217, "tokens_used": 0, "status_code": 429, "error_type": "request_limit"}
{"timestamp": 1782240125.12018, "key_index": 40, "latency_ms": 1160, "tokens_used": 0, "status_code": 429, "error_type": "request_limit"}
{"timestamp": 1782240129.0147672, "key_index": 41, "latency_ms": 1300, "tokens_used": 0, "status_code": 429, "error_type": "request_limit"}
{"timestamp": 1782240134.6336904, "key_index": 42, "latency_ms": 1242, "tokens_used": 0, "status_code": 429, "error_type": "request_limit"}
{"timestamp": 1782240140.8967009, "key_index": 43, "latency_ms": 2136, "tokens_used": 0, "status_code": 429, "error_type": "request_limit"}
{"timestamp": 1782240146.5462763, "key_index": 0, "latency_ms": 1666, "tokens_used": 0, "status_code": 429, "error_type": "request_limit"}
{"timestamp": 1782240150.073023, "key_index": 1, "latency_ms": 1217, "tokens_used": 0, "status_code": 429, "error_type": "request_limit"}
{"timestamp": 1782240156.1750927, "key_index": 2, "latency_ms": 1185, "tokens_used": 0, "status_code": 429, "error_type": "request_limit"}
{"timestamp": 1782240161.4808304, "key_index": 3, "latency_ms": 1937, "tokens_used": 0, "status_code": 429, "error_type": "request_limit"}
{"timestamp": 1782240163.3134518, "key_index": 4, "latency_ms": 1132, "tokens_used": 0, "status_code": 429, "error_type": "request_limit"}
{"timestamp": 1782240176.443975, "key_index": 5, "latency_ms": 1194, "tokens_used": 0, "status_code": 429, "error_type": "request_limit"}
{"timestamp": 1782240184.5547361, "key_index": 6, "latency_ms": 1216, "tokens_used": 0, "status_code": 429, "error_type": "request_limit"}
{"timestamp": 1782240188.1454175, "key_index": 7, "latency_ms": 1694, "tokens_used": 0, "status_code": 429, "error_type": "request_limit"}
{"timestamp": 1782240190.921686, "key_index": 8, "latency_ms": 1955, "tokens_used": 0, "status_code": 429, "error_type": "request_limit"}
{"timestamp": 1782240194.3962672, "key_index": 9, "latency_ms": 1675, "tokens_used": 0, "status_code": 429, "error_type": "request_limit"}
{"timestamp": 1782240199.8196893, "key_index": 10, "latency_ms": 1420, "tokens_used": 0, "status_code": 429, "error_type": "request_limit"}
{"timestamp": 1782240204.9154592, "key_index": 11, "latency_ms": 1148, "tokens_used": 0, "status_code": 429, "error_type": "request_limit"}
{"timestamp": 1782240211.0144737, "key_index": 12, "latency_ms": 1131, "tokens_used": 0, "status_code": 429, "error_type": "request_limit"}
{"timestamp": 1782240215.0800574, "key_index": 13, "latency_ms": 1217, "tokens_used": 0, "status_code": 429, "error_type": "request_limit"}
{"timestamp": 1782240225.2705293, "key_index": 14, "latency_ms": 5277, "tokens_used": 1060, "status_code": 200, "error_type": "none"}
{"timestamp": 1782240236.0862768, "key_index": 15, "latency_ms": 10811, "tokens_used": 1064, "status_code": 200, "error_type": "none"}
{"timestamp": 1782240240.8276832, "key_index": 16, "latency_ms": 4734, "tokens_used": 1068, "status_code": 200, "error_type": "none"}
{"timestamp": 1782240245.5392933, "key_index": 17, "latency_ms": 4704, "tokens_used": 1066, "status_code": 200, "error_type": "none"}
{"timestamp": 1782240252.6956115, "key_index": 18, "latency_ms": 4354, "tokens_used": 1066, "status_code": 200, "error_type": "none"}
{"timestamp": 1782240257.013106, "key_index": 19, "latency_ms": 4310, "tokens_used": 1077, "status_code": 200, "error_type": "none"}
{"timestamp": 1782240338.2719574, "key_index": 20, "latency_ms": 81249, "tokens_used": 4319, "status_code": 200, "error_type": "none"}
{"timestamp": 1782241045.9844627, "key_index": 1, "latency_ms": 7929, "tokens_used": 1065, "status_code": 200, "error_type": "none"}
{"timestamp": 1782241053.039304, "key_index": 2, "latency_ms": 7047, "tokens_used": 1175, "status_code": 200, "error_type": "none"}
{"timestamp": 1782241058.8073335, "key_index": 3, "latency_ms": 5724, "tokens_used": 1135, "status_code": 200, "error_type": "none"}
{"timestamp": 1782241063.407626, "key_index": 4, "latency_ms": 4579, "tokens_used": 1063, "status_code": 200, "error_type": "none"}
{"timestamp": 1782241069.4427047, "key_index": 5, "latency_ms": 5990, "tokens_used": 1083, "status_code": 200, "error_type": "none"}
{"timestamp": 1782241078.8432877, "key_index": 6, "latency_ms": 9351, "tokens_used": 1077, "status_code": 200, "error_type": "none"}
{"timestamp": 1782241084.7533581, "key_index": 7, "latency_ms": 5878, "tokens_used": 1064, "status_code": 200, "error_type": "none"}
{"timestamp": 1782241091.0321019, "key_index": 8, "latency_ms": 6241, "tokens_used": 1069, "status_code": 200, "error_type": "none"}
{"timestamp": 1782241096.092865, "key_index": 9, "latency_ms": 5000, "tokens_used": 1056, "status_code": 200, "error_type": "none"}
{"timestamp": 1782241106.0924933, "key_index": 10, "latency_ms": 9992, "tokens_used": 1064, "status_code": 200, "error_type": "none"}
{"timestamp": 1782241124.4661856, "key_index": 11, "latency_ms": 18354, "tokens_used": 1136, "status_code": 200, "error_type": "none"}
{"timestamp": 1782241130.6384625, "key_index": 12, "latency_ms": 6119, "tokens_used": 0, "status_code": 500, "error_type": "server_error"}
{"timestamp": 1782241137.8736625, "key_index": 13, "latency_ms": 7155, "tokens_used": 1055, "status_code": 200, "error_type": "none"}
{"timestamp": 1782241140.710989, "key_index": 14, "latency_ms": 2833, "tokens_used": 0, "status_code": 500, "error_type": "server_error"}
{"timestamp": 1782241158.9001162, "key_index": 15, "latency_ms": 18148, "tokens_used": 1066, "status_code": 200, "error_type": "none"}
{"timestamp": 1782241170.2208495, "key_index": 16, "latency_ms": 11316, "tokens_used": 1061, "status_code": 200, "error_type": "none"}
{"timestamp": 1782241184.0551913, "key_index": 17, "latency_ms": 13831, "tokens_used": 1248, "status_code": 200, "error_type": "none"}
{"timestamp": 1782241205.1756277, "key_index": 18, "latency_ms": 21059, "tokens_used": 1054, "status_code": 200, "error_type": "none"}
{"timestamp": 1782241208.9365842, "key_index": 19, "latency_ms": 3750, "tokens_used": 0, "status_code": 500, "error_type": "server_error"}
{"timestamp": 1782241211.6861632, "key_index": 20, "latency_ms": 2628, "tokens_used": 0, "status_code": 500, "error_type": "server_error"}
{"timestamp": 1782241214.0457575, "key_index": 21, "latency_ms": 2303, "tokens_used": 0, "status_code": 500, "error_type": "server_error"}
{"timestamp": 1782241220.2514482, "key_index": 22, "latency_ms": 6132, "tokens_used": 1058, "status_code": 200, "error_type": "none"}
{"timestamp": 1782241221.2845771, "key_index": 23, "latency_ms": 1029, "tokens_used": 0, "status_code": 429, "error_type": "request_limit"}
{"timestamp": 1782241222.366052, "key_index": 24, "latency_ms": 1027, "tokens_used": 0, "status_code": 429, "error_type": "request_limit"}
{"timestamp": 1782241223.643535, "key_index": 25, "latency_ms": 1267, "tokens_used": 0, "status_code": 429, "error_type": "request_limit"}
{"timestamp": 1782241224.6426036, "key_index": 26, "latency_ms": 988, "tokens_used": 0, "status_code": 429, "error_type": "request_limit"}
{"timestamp": 1782241225.6600275, "key_index": 27, "latency_ms": 1005, "tokens_used": 0, "status_code": 429, "error_type": "request_limit"}
{"timestamp": 1782241226.7092073, "key_index": 28, "latency_ms": 1033, "tokens_used": 0, "status_code": 429, "error_type": "request_limit"}
{"timestamp": 1782241236.2461102, "key_index": 29, "latency_ms": 1017, "tokens_used": 0, "status_code": 429, "error_type": "request_limit"}
{"timestamp": 1782241250.9559326, "key_index": 30, "latency_ms": 1837, "tokens_used": 0, "status_code": 429, "error_type": "request_limit"}
{"timestamp": 1782241271.209874, "key_index": 31, "latency_ms": 1010, "tokens_used": 0, "status_code": 429, "error_type": "request_limit"}
{"timestamp": 1782241275.2154672, "key_index": 32, "latency_ms": 1152, "tokens_used": 0, "status_code": 429, "error_type": "request_limit"}
{"timestamp": 1782241277.7898579, "key_index": 33, "latency_ms": 1045, "tokens_used": 0, "status_code": 429, "error_type": "request_limit"}
{"timestamp": 1782241280.9136472, "key_index": 34, "latency_ms": 1787, "tokens_used": 0, "status_code": 429, "error_type": "request_limit"}
{"timestamp": 1782241286.319294, "key_index": 35, "latency_ms": 1059, "tokens_used": 0, "status_code": 429, "error_type": "request_limit"}
{"timestamp": 1782241287.9020915, "key_index": 36, "latency_ms": 1051, "tokens_used": 0, "status_code": 429, "error_type": "request_limit"}
{"timestamp": 1782241289.00179, "key_index": 37, "latency_ms": 1071, "tokens_used": 0, "status_code": 429, "error_type": "request_limit"}
{"timestamp": 1782241290.795094, "key_index": 38, "latency_ms": 1782, "tokens_used": 0, "status_code": 429, "error_type": "request_limit"}
{"timestamp": 1782241291.808673, "key_index": 39, "latency_ms": 1003, "tokens_used": 0, "status_code": 429, "error_type": "request_limit"}
{"timestamp": 1782241292.912502, "key_index": 40, "latency_ms": 1077, "tokens_used": 0, "status_code": 429, "error_type": "request_limit"}
{"timestamp": 1782241301.7783136, "key_index": 41, "latency_ms": 1546, "tokens_used": 0, "status_code": 429, "error_type": "request_limit"}
{"timestamp": 1782241315.200439, "key_index": 42, "latency_ms": 1068, "tokens_used": 0, "status_code": 429, "error_type": "request_limit"}
{"timestamp": 1782241336.2477393, "key_index": 43, "latency_ms": 1041, "tokens_used": 0, "status_code": 429, "error_type": "request_limit"}
{"timestamp": 1782241350.4814136, "key_index": 0, "latency_ms": 11412, "tokens_used": 1061, "status_code": 200, "error_type": "none"}
{"timestamp": 1782241353.7077875, "key_index": 1, "latency_ms": 3216, "tokens_used": 0, "status_code": 500, "error_type": "server_error"}
{"timestamp": 1782241359.5347655, "key_index": 2, "latency_ms": 5815, "tokens_used": 1132, "status_code": 200, "error_type": "none"}
{"timestamp": 1782241370.491652, "key_index": 3, "latency_ms": 10919, "tokens_used": 1130, "status_code": 200, "error_type": "none"}
{"timestamp": 1782241376.616836, "key_index": 4, "latency_ms": 6070, "tokens_used": 1092, "status_code": 200, "error_type": "none"}
{"timestamp": 1782241382.60094, "key_index": 5, "latency_ms": 5923, "tokens_used": 1059, "status_code": 200, "error_type": "none"}
{"timestamp": 1782241389.3247807, "key_index": 6, "latency_ms": 6719, "tokens_used": 1105, "status_code": 200, "error_type": "none"}
{"timestamp": 1782241395.6760316, "key_index": 7, "latency_ms": 6327, "tokens_used": 1059, "status_code": 200, "error_type": "none"}
{"timestamp": 1782241401.154855, "key_index": 8, "latency_ms": 5475, "tokens_used": 1106, "status_code": 200, "error_type": "none"}
{"timestamp": 1782241406.8332584, "key_index": 9, "latency_ms": 5648, "tokens_used": 1065, "status_code": 200, "error_type": "none"}
{"timestamp": 1782241416.8497002, "key_index": 10, "latency_ms": 9995, "tokens_used": 1056, "status_code": 200, "error_type": "none"}
{"timestamp": 1782241425.7619221, "key_index": 11, "latency_ms": 8911, "tokens_used": 1128, "status_code": 200, "error_type": "none"}
{"timestamp": 1782241432.795257, "key_index": 12, "latency_ms": 7027, "tokens_used": 1066, "status_code": 200, "error_type": "none"}
{"timestamp": 1782241438.4012368, "key_index": 13, "latency_ms": 5575, "tokens_used": 1066, "status_code": 200, "error_type": "none"}
{"timestamp": 1782241445.9631703, "key_index": 14, "latency_ms": 7546, "tokens_used": 1063, "status_code": 200, "error_type": "none"}
{"timestamp": 1782241451.0780687, "key_index": 15, "latency_ms": 5111, "tokens_used": 1068, "status_code": 200, "error_type": "none"}
{"timestamp": 1782241458.1141062, "key_index": 16, "latency_ms": 7023, "tokens_used": 1068, "status_code": 200, "error_type": "none"}
{"timestamp": 1782241464.9438398, "key_index": 17, "latency_ms": 6822, "tokens_used": 1101, "status_code": 200, "error_type": "none"}
{"timestamp": 1782241469.3435607, "key_index": 18, "latency_ms": 4375, "tokens_used": 0, "status_code": 500, "error_type": "server_error"}
{"timestamp": 1782241475.628418, "key_index": 19, "latency_ms": 6255, "tokens_used": 1198, "status_code": 200, "error_type": "none"}
{"timestamp": 1782241599.622123, "key_index": 20, "latency_ms": 123877, "tokens_used": 6502, "status_code": 200, "error_type": "none"}
{"timestamp": 1782242883.9141932, "key_index": 1, "latency_ms": 8424, "tokens_used": 1067, "status_code": 200, "error_type": "none"}
{"timestamp": 1782242890.4911466, "key_index": 2, "latency_ms": 6570, "tokens_used": 1061, "status_code": 200, "error_type": "none"}
{"timestamp": 1782242897.1577554, "key_index": 3, "latency_ms": 6661, "tokens_used": 1059, "status_code": 200, "error_type": "none"}
{"timestamp": 1782242903.5256178, "key_index": 4, "latency_ms": 6364, "tokens_used": 1066, "status_code": 200, "error_type": "none"}
{"timestamp": 1782242911.2007473, "key_index": 5, "latency_ms": 7673, "tokens_used": 1066, "status_code": 200, "error_type": "none"}
{"timestamp": 1782242916.003422, "key_index": 6, "latency_ms": 4801, "tokens_used": 1133, "status_code": 200, "error_type": "none"}
{"timestamp": 1782242922.5650682, "key_index": 7, "latency_ms": 6557, "tokens_used": 1066, "status_code": 200, "error_type": "none"}
{"timestamp": 1782242928.9149618, "key_index": 8, "latency_ms": 6346, "tokens_used": 1064, "status_code": 200, "error_type": "none"}
{"timestamp": 1782242934.007756, "key_index": 9, "latency_ms": 5092, "tokens_used": 1127, "status_code": 200, "error_type": "none"}
{"timestamp": 1782242940.8346305, "key_index": 10, "latency_ms": 6824, "tokens_used": 1060, "status_code": 200, "error_type": "none"}
{"timestamp": 1782242948.2658064, "key_index": 11, "latency_ms": 7427, "tokens_used": 1063, "status_code": 200, "error_type": "none"}
{"timestamp": 1782242955.0315516, "key_index": 12, "latency_ms": 6756, "tokens_used": 1067, "status_code": 200, "error_type": "none"}
{"timestamp": 1782242961.8336167, "key_index": 13, "latency_ms": 6789, "tokens_used": 1063, "status_code": 200, "error_type": "none"}
{"timestamp": 1782242968.6286244, "key_index": 14, "latency_ms": 6789, "tokens_used": 1063, "status_code": 200, "error_type": "none"}
{"timestamp": 1782242976.3386374, "key_index": 15, "latency_ms": 7668, "tokens_used": 1066, "status_code": 200, "error_type": "none"}
{"timestamp": 1782242986.158695, "key_index": 16, "latency_ms": 9816, "tokens_used": 1061, "status_code": 200, "error_type": "none"}
{"timestamp": 1782242993.4719949, "key_index": 17, "latency_ms": 7308, "tokens_used": 1066, "status_code": 200, "error_type": "none"}
{"timestamp": 1782242999.8141053, "key_index": 18, "latency_ms": 6339, "tokens_used": 1061, "status_code": 200, "error_type": "none"}
{"timestamp": 1782243006.091786, "key_index": 19, "latency_ms": 6272, "tokens_used": 1065, "status_code": 200, "error_type": "none"}
{"timestamp": 1782243007.9538543, "key_index": 20, "latency_ms": 1857, "tokens_used": 0, "status_code": 429, "error_type": "request_limit"}
{"timestamp": 1782243078.8320668, "key_index": 21, "latency_ms": 5865, "tokens_used": 1060, "status_code": 200, "error_type": "none"}
{"timestamp": 1782243081.8790112, "key_index": 22, "latency_ms": 3042, "tokens_used": 0, "status_code": 429, "error_type": "request_limit"}
{"timestamp": 1782243155.869253, "key_index": 23, "latency_ms": 8984, "tokens_used": 1062, "status_code": 200, "error_type": "none"}
{"timestamp": 1782243157.2545414, "key_index": 24, "latency_ms": 1382, "tokens_used": 0, "status_code": 429, "error_type": "request_limit"}
{"timestamp": 1782243227.9599738, "key_index": 25, "latency_ms": 5696, "tokens_used": 1061, "status_code": 200, "error_type": "none"}
{"timestamp": 1782243232.8068752, "key_index": 26, "latency_ms": 4837, "tokens_used": 1061, "status_code": 200, "error_type": "none"}
{"timestamp": 1782243236.9216342, "key_index": 27, "latency_ms": 4103, "tokens_used": 1062, "status_code": 200, "error_type": "none"}
{"timestamp": 1782243242.5186884, "key_index": 28, "latency_ms": 5585, "tokens_used": 1068, "status_code": 200, "error_type": "none"}
{"timestamp": 1782243246.9305053, "key_index": 29, "latency_ms": 4391, "tokens_used": 1065, "status_code": 200, "error_type": "none"}
{"timestamp": 1782243251.7471497, "key_index": 30, "latency_ms": 4804, "tokens_used": 1064, "status_code": 200, "error_type": "none"}
{"timestamp": 1782243256.9239795, "key_index": 31, "latency_ms": 5147, "tokens_used": 1064, "status_code": 200, "error_type": "none"}
{"timestamp": 1782243264.7703187, "key_index": 32, "latency_ms": 7826, "tokens_used": 1148, "status_code": 200, "error_type": "none"}
{"timestamp": 1782243270.8238268, "key_index": 33, "latency_ms": 6015, "tokens_used": 1071, "status_code": 200, "error_type": "none"}
{"timestamp": 1782243279.7173514, "key_index": 34, "latency_ms": 8861, "tokens_used": 1171, "status_code": 200, "error_type": "none"}
{"timestamp": 1782243286.9196267, "key_index": 35, "latency_ms": 7137, "tokens_used": 1079, "status_code": 200, "error_type": "none"}
{"timestamp": 1782243291.9770305, "key_index": 36, "latency_ms": 5017, "tokens_used": 1056, "status_code": 200, "error_type": "none"}
{"timestamp": 1782243300.0995123, "key_index": 37, "latency_ms": 8117, "tokens_used": 1095, "status_code": 200, "error_type": "none"}
{"timestamp": 1782243306.0491283, "key_index": 38, "latency_ms": 5880, "tokens_used": 1058, "status_code": 200, "error_type": "none"}
{"timestamp": 1782243311.5553198, "key_index": 39, "latency_ms": 5503, "tokens_used": 1065, "status_code": 200, "error_type": "none"}
{"timestamp": 1782243317.2866623, "key_index": 40, "latency_ms": 5686, "tokens_used": 1066, "status_code": 200, "error_type": "none"}
{"timestamp": 1782243323.7924836, "key_index": 41, "latency_ms": 6499, "tokens_used": 1065, "status_code": 200, "error_type": "none"}
{"timestamp": 1782243331.4208229, "key_index": 42, "latency_ms": 7588, "tokens_used": 1064, "status_code": 200, "error_type": "none"}
{"timestamp": 1782243337.2025127, "key_index": 43, "latency_ms": 5758, "tokens_used": 1064, "status_code": 200, "error_type": "none"}
{"timestamp": 1782243343.0672927, "key_index": 43, "latency_ms": 5834, "tokens_used": 1064, "status_code": 200, "error_type": "none"}
{"timestamp": 1782243350.5964222, "key_index": 0, "latency_ms": 7483, "tokens_used": 1066, "status_code": 200, "error_type": "none"}
{"timestamp": 1782243353.077439, "key_index": 1, "latency_ms": 2473, "tokens_used": 0, "status_code": 429, "error_type": "request_limit"}
{"timestamp": 1782243420.983049, "key_index": 2, "latency_ms": 2897, "tokens_used": 0, "status_code": 429, "error_type": "request_limit"}
{"timestamp": 1782243425.9624019, "key_index": 0, "latency_ms": 325, "tokens_used": 0, "status_code": 400, "error_type": "unknown"}
{"timestamp": 1782243442.4690504, "key_index": 0, "latency_ms": 308, "tokens_used": 0, "status_code": 400, "error_type": "unknown"}
{"timestamp": 1782243481.0372844, "key_index": 0, "latency_ms": 312, "tokens_used": 0, "status_code": 400, "error_type": "unknown"}
{"timestamp": 1782243492.8699467, "key_index": 3, "latency_ms": 6877, "tokens_used": 1064, "status_code": 200, "error_type": "none"}
{"timestamp": 1782243499.6902175, "key_index": 4, "latency_ms": 6811, "tokens_used": 1064, "status_code": 200, "error_type": "none"}
{"timestamp": 1782243504.739985, "key_index": 5, "latency_ms": 5043, "tokens_used": 1086, "status_code": 200, "error_type": "none"}
{"timestamp": 1782243511.6334543, "key_index": 6, "latency_ms": 6870, "tokens_used": 1064, "status_code": 200, "error_type": "none"}
{"timestamp": 1782243519.1985292, "key_index": 7, "latency_ms": 7538, "tokens_used": 1114, "status_code": 200, "error_type": "none"}
{"timestamp": 1782243526.863259, "key_index": 8, "latency_ms": 7653, "tokens_used": 1138, "status_code": 200, "error_type": "none"}
{"timestamp": 1782243532.6495812, "key_index": 9, "latency_ms": 5743, "tokens_used": 1065, "status_code": 200, "error_type": "none"}
{"timestamp": 1782243537.5859146, "key_index": 10, "latency_ms": 4933, "tokens_used": 1069, "status_code": 200, "error_type": "none"}
{"timestamp": 1782243541.5416167, "key_index": 0, "latency_ms": 326, "tokens_used": 0, "status_code": 400, "error_type": "unknown"}
{"timestamp": 1782243583.1719272, "key_index": 11, "latency_ms": 45499, "tokens_used": 3527, "status_code": 200, "error_type": "none"}
{"timestamp": 1782244361.4317234, "key_index": 0, "latency_ms": 0, "tokens_used": 0, "status_code": 429, "error_type": "request_limit"}
{"timestamp": 1782244428.2037349, "key_index": 0, "latency_ms": 1, "tokens_used": 0, "status_code": 429, "error_type": "request_limit"}
{"timestamp": 1782244493.2037349, "key_index": 0, "latency_ms": 0, "tokens_used": 0, "status_code": 429, "error_type": "request_limit"}
{"timestamp": 1782244558.2037349, "key_index": 0, "latency_ms": 0, "tokens_used": 0, "status_code": 429, "error_type": "request_limit"}
{"timestamp": 1782244623.2037349, "key_index": 0, "latency_ms": 0, "tokens_used": 0, "status_code": 429, "error_type": "request_limit"}
{"timestamp": 1782244688.2037349, "key_index": 0, "latency_ms": 0, "tokens_used": 0, "status_code": 429, "error_type": "request_limit"}
{"timestamp": 1782244846.3859484, "key_index": 0, "latency_ms": 0, "tokens_used": 0, "status_code": 429, "error_type": "request_limit"}
{"timestamp": 1782245000.419517, "key_index": 0, "latency_ms": 0, "tokens_used": 0, "status_code": 429, "error_type": "request_limit"}
{"timestamp": 1782245301.7999928, "key_index": 0, "latency_ms": 0, "tokens_used": 0, "status_code": 429, "error_type": "request_limit"}
{"timestamp": 1782245366.7999928, "key_index": 0, "latency_ms": 0, "tokens_used": 3000, "status_code": 400, "error_type": "model_refusal", "raw_preview": "```html\n<not json>\n```"}
{"timestamp": 1782245381.0344439, "key_index": 0, "latency_ms": 0, "tokens_used": 3000, "status_code": 400, "error_type": "model_refusal", "raw_preview": "```html\n<not json>\n```"}
{"timestamp": 1782245367.2996693, "key_index": 0, "latency_ms": 1, "tokens_used": 100, "status_code": 200, "error_type": "none"}
{"timestamp": 1782245368.3022494, "key_index": 0, "latency_ms": 0, "tokens_used": 100, "status_code": 200, "error_type": "none"}
{"timestamp": 1782245368.4433663, "key_index": 0, "latency_ms": 1, "tokens_used": 100, "status_code": 200, "error_type": "none"}
{"timestamp": 1782245369.1813142, "key_index": 0, "latency_ms": 1, "tokens_used": 100, "status_code": 400, "error_type": "model_refusal", "raw_preview": "This is not valid json"}
{"timestamp": 1782245369.4434838, "key_index": 0, "latency_ms": 1, "tokens_used": 100, "status_code": 200, "error_type": "none"}
{"timestamp": 1782245370.2441266, "key_index": 0, "latency_ms": 0, "tokens_used": 100, "status_code": 200, "error_type": "none"}
{"timestamp": 1782245366.7999928, "key_index": 0, "latency_ms": 0, "tokens_used": 0, "status_code": 429, "error_type": "request_limit"}
{"timestamp": 1782245431.7999928, "key_index": 0, "latency_ms": 0, "tokens_used": 0, "status_code": 429, "error_type": "request_limit"}
{"timestamp": 1782245496.7999928, "key_index": 0, "latency_ms": 0, "tokens_used": 0, "status_code": 429, "error_type": "request_limit"}
{"timestamp": 1782245578.593138, "key_index": 0, "latency_ms": 0, "tokens_used": 0, "status_code": 429, "error_type": "request_limit"}
{"timestamp": 1782245744.8354897, "key_index": 0, "latency_ms": 0, "tokens_used": 0, "status_code": 429, "error_type": "request_limit"}
{"timestamp": 1782245921.3706994, "key_index": 0, "latency_ms": 0, "tokens_used": 0, "status_code": 429, "error_type": "request_limit"}
{"timestamp": 1782246356.0388548, "key_index": 0, "latency_ms": 0, "tokens_used": 0, "status_code": 429, "error_type": "request_limit"}
{"timestamp": 1782246421.0388548, "key_index": 0, "latency_ms": 0, "tokens_used": 3000, "status_code": 400, "error_type": "model_refusal", "raw_preview": "```html\n<not json>\n```"}
{"timestamp": 1782246439.273534, "key_index": 0, "latency_ms": 0, "tokens_used": 3000, "status_code": 400, "error_type": "model_refusal", "raw_preview": "```html\n<not json>\n```"}
{"timestamp": 1782245387.9904613, "key_index": 0, "latency_ms": 0, "tokens_used": 100, "status_code": 400, "error_type": "model_refusal", "raw_preview": "This is not valid json"}
{"timestamp": 1782245366.7999928, "key_index": 0, "latency_ms": 0, "tokens_used": 0, "status_code": 429, "error_type": "request_limit"}
{"timestamp": 1782245431.7999928, "key_index": 0, "latency_ms": 0, "tokens_used": 0, "status_code": 429, "error_type": "request_limit"}
{"timestamp": 1782245496.7999928, "key_index": 0, "latency_ms": 0, "tokens_used": 0, "status_code": 429, "error_type": "request_limit"}
{"timestamp": 1782245561.7999928, "key_index": 0, "latency_ms": 0, "tokens_used": 0, "status_code": 429, "error_type": "request_limit"}
{"timestamp": 1782245627.3281724, "key_index": 0, "latency_ms": 0, "tokens_used": 0, "status_code": 429, "error_type": "request_limit"}
{"timestamp": 1782245824.7789226, "key_index": 0, "latency_ms": 0, "tokens_used": 0, "status_code": 429, "error_type": "request_limit"}
{"timestamp": 1782246260.627668, "key_index": 0, "latency_ms": 0, "tokens_used": 0, "status_code": 429, "error_type": "request_limit"}
{"timestamp": 1782246325.627668, "key_index": 0, "latency_ms": 0, "tokens_used": 3000, "status_code": 400, "error_type": "model_refusal", "raw_preview": "```html\n<not json>\n```"}
{"timestamp": 1782246345.604624, "key_index": 0, "latency_ms": 0, "tokens_used": 3000, "status_code": 400, "error_type": "model_refusal", "raw_preview": "```html\n<not json>\n```"}
{"timestamp": 1782246326.117586, "key_index": 0, "latency_ms": 1, "tokens_used": 0, "status_code": 429, "error_type": "request_limit"}
{"timestamp": 1782246391.1198409, "key_index": 0, "latency_ms": 1, "tokens_used": 3000, "status_code": 200, "error_type": "none"}
{"timestamp": 1782246392.1255949, "key_index": 0, "latency_ms": 1, "tokens_used": 3000, "status_code": 200, "error_type": "none"}
{"timestamp": 1782246393.1298034, "key_index": 0, "latency_ms": 0, "tokens_used": 3000, "status_code": 200, "error_type": "none"}
{"timestamp": 1782246394.1325927, "key_index": 0, "latency_ms": 0, "tokens_used": 3000, "status_code": 200, "error_type": "none"}
{"timestamp": 1782246395.1377563, "key_index": 0, "latency_ms": 0, "tokens_used": 3000, "status_code": 200, "error_type": "none"}
{"timestamp": 1782273257.6925428, "key_index": 0, "latency_ms": 0, "tokens_used": 100, "status_code": 200, "error_type": "none"}
{"timestamp": 1782273258.6917253, "key_index": 0, "latency_ms": 0, "tokens_used": 100, "status_code": 200, "error_type": "none"}
{"timestamp": 1782273259.4085052, "key_index": 0, "latency_ms": 0, "tokens_used": 100, "status_code": 200, "error_type": "none"}
{"timestamp": 1782273299.483606, "key_index": 0, "latency_ms": 1, "tokens_used": 100, "status_code": 200, "error_type": "none"}
{"timestamp": 1782273300.4818256, "key_index": 0, "latency_ms": 0, "tokens_used": 100, "status_code": 200, "error_type": "none"}
{"timestamp": 1782273301.4599926, "key_index": 0, "latency_ms": 1, "tokens_used": 100, "status_code": 400, "error_type": "model_refusal", "raw_preview": "This is not valid json"}
{"timestamp": 1782273314.6557167, "key_index": 0, "latency_ms": 0, "tokens_used": 100, "status_code": 400, "error_type": "model_refusal", "raw_preview": "This is not valid json"}
{"timestamp": 1782276709.4142983, "key_index": 1, "latency_ms": 0, "tokens_used": 0, "status_code": 429, "error_type": "request_limit"}
{"timestamp": 1782276879.25734, "key_index": 1, "latency_ms": 8090, "tokens_used": 0, "status_code": 500, "error_type": "server_error"}
{"timestamp": 1782276884.5521982, "key_index": 2, "latency_ms": 5294, "tokens_used": 1072, "status_code": 200, "error_type": "none"}
{"timestamp": 1782277081.171558, "key_index": 1, "latency_ms": 3603, "tokens_used": 0, "status_code": 500, "error_type": "server_error"}
{"timestamp": 1782277091.7538898, "key_index": 2, "latency_ms": 10581, "tokens_used": 1072, "status_code": 200, "error_type": "none"}
{"timestamp": 1782277111.861298, "key_index": 3, "latency_ms": 20103, "tokens_used": 1063, "status_code": 200, "error_type": "none"}
{"timestamp": 1782277116.4138656, "key_index": 4, "latency_ms": 4550, "tokens_used": 1132, "status_code": 200, "error_type": "none"}
{"timestamp": 1782277128.4638145, "key_index": 5, "latency_ms": 12046, "tokens_used": 1061, "status_code": 200, "error_type": "none"}
{"timestamp": 1782277145.6501184, "key_index": 6, "latency_ms": 17184, "tokens_used": 1130, "status_code": 200, "error_type": "none"}
{"timestamp": 1782277149.9105036, "key_index": 7, "latency_ms": 4255, "tokens_used": 0, "status_code": 500, "error_type": "server_error"}
{"timestamp": 1782277153.1926248, "key_index": 8, "latency_ms": 3279, "tokens_used": 1065, "status_code": 200, "error_type": "none"}
{"timestamp": 1782277167.4288497, "key_index": 9, "latency_ms": 14231, "tokens_used": 1144, "status_code": 200, "error_type": "none"}
{"timestamp": 1782277170.345538, "key_index": 10, "latency_ms": 2913, "tokens_used": 0, "status_code": 500, "error_type": "server_error"}
{"timestamp": 1782277172.690048, "key_index": 0, "latency_ms": 893, "tokens_used": 0, "status_code": 400, "error_type": "unknown"}
{"timestamp": 1782277177.233855, "key_index": 11, "latency_ms": 6887, "tokens_used": 1062, "status_code": 200, "error_type": "none"}
{"timestamp": 1782277184.358271, "key_index": 12, "latency_ms": 7121, "tokens_used": 1164, "status_code": 200, "error_type": "none"}
{"timestamp": 1782277192.2232137, "key_index": 13, "latency_ms": 7861, "tokens_used": 1062, "status_code": 200, "error_type": "none"}
{"timestamp": 1782277202.2857864, "key_index": 14, "latency_ms": 10058, "tokens_used": 1067, "status_code": 200, "error_type": "none"}
{"timestamp": 1782277205.6720924, "key_index": 0, "latency_ms": 0, "tokens_used": 0, "status_code": 400, "error_type": "unknown"}
{"timestamp": 1782277218.737792, "key_index": 15, "latency_ms": 16447, "tokens_used": 1060, "status_code": 200, "error_type": "none"}
{"timestamp": 1782277221.748268, "key_index": 16, "latency_ms": 3005, "tokens_used": 0, "status_code": 500, "error_type": "server_error"}
{"timestamp": 1782277234.0445678, "key_index": 17, "latency_ms": 12294, "tokens_used": 1263, "status_code": 200, "error_type": "none"}
{"timestamp": 1782277240.2382588, "key_index": 18, "latency_ms": 6190, "tokens_used": 1054, "status_code": 200, "error_type": "none"}
{"timestamp": 1782277251.3570833, "key_index": 19, "latency_ms": 11117, "tokens_used": 1130, "status_code": 200, "error_type": "none"}
{"timestamp": 1782277257.1902602, "key_index": 20, "latency_ms": 5829, "tokens_used": 1052, "status_code": 200, "error_type": "none"}
{"timestamp": 1782277264.4850786, "key_index": 21, "latency_ms": 7293, "tokens_used": 1135, "status_code": 200, "error_type": "none"}
{"timestamp": 1782277267.2543545, "key_index": 22, "latency_ms": 2762, "tokens_used": 0, "status_code": 500, "error_type": "server_error"}
{"timestamp": 1782277269.312914, "key_index": 23, "latency_ms": 2057, "tokens_used": 0, "status_code": 500, "error_type": "server_error"}
{"timestamp": 1782277271.445025, "key_index": 24, "latency_ms": 2130, "tokens_used": 0, "status_code": 500, "error_type": "server_error"}
{"timestamp": 1782277273.2564723, "key_index": 25, "latency_ms": 1810, "tokens_used": 0, "status_code": 500, "error_type": "server_error"}
{"timestamp": 1782277290.1481426, "key_index": 26, "latency_ms": 6402, "tokens_used": 1058, "status_code": 200, "error_type": "none"}
{"timestamp": 1782277292.8420863, "key_index": 27, "latency_ms": 2692, "tokens_used": 1131, "status_code": 200, "error_type": "none"}
{"timestamp": 1782277308.7747834, "key_index": 28, "latency_ms": 9724, "tokens_used": 1066, "status_code": 200, "error_type": "none"}
{"timestamp": 1782277311.67455, "key_index": 29, "latency_ms": 2890, "tokens_used": 0, "status_code": 500, "error_type": "server_error"}
{"timestamp": 1782277320.2481706, "key_index": 30, "latency_ms": 3885, "tokens_used": 1067, "status_code": 200, "error_type": "none"}
{"timestamp": 1782277332.8496044, "key_index": 31, "latency_ms": 10656, "tokens_used": 1113, "status_code": 200, "error_type": "none"}
{"timestamp": 1782277339.8049977, "key_index": 32, "latency_ms": 6949, "tokens_used": 1069, "status_code": 200, "error_type": "none"}
{"timestamp": 1782277344.4391627, "key_index": 33, "latency_ms": 4629, "tokens_used": 0, "status_code": 500, "error_type": "server_error"}
{"timestamp": 1782277345.5801063, "key_index": 34, "latency_ms": 1138, "tokens_used": 0, "status_code": 429, "error_type": "request_limit"}
{"timestamp": 1782277423.784784, "key_index": 35, "latency_ms": 8368, "tokens_used": 0, "status_code": 429, "error_type": "request_limit"}
{"timestamp": 1782277503.1733272, "key_index": 36, "latency_ms": 11460, "tokens_used": 1115, "status_code": 200, "error_type": "none"}
{"timestamp": 1782277515.2832134, "key_index": 37, "latency_ms": 12027, "tokens_used": 1130, "status_code": 200, "error_type": "none"}
{"timestamp": 1782277522.6761699, "key_index": 38, "latency_ms": 7381, "tokens_used": 1067, "status_code": 200, "error_type": "none"}
{"timestamp": 1782277547.383214, "key_index": 39, "latency_ms": 24698, "tokens_used": 1064, "status_code": 200, "error_type": "none"}
{"timestamp": 1782277555.6609395, "key_index": 40, "latency_ms": 8264, "tokens_used": 1076, "status_code": 200, "error_type": "none"}
{"timestamp": 1782277564.210723, "key_index": 41, "latency_ms": 8542, "tokens_used": 1073, "status_code": 200, "error_type": "none"}
{"timestamp": 1782277586.7470222, "key_index": 42, "latency_ms": 22524, "tokens_used": 1073, "status_code": 200, "error_type": "none"}
{"timestamp": 1782277601.273483, "key_index": 43, "latency_ms": 14337, "tokens_used": 1084, "status_code": 200, "error_type": "none"}
{"timestamp": 1782277686.9543786, "key_index": 43, "latency_ms": 85562, "tokens_used": 4378, "status_code": 200, "error_type": "none"}
{"timestamp": 1782277850.0442402, "key_index": 0, "latency_ms": 26, "tokens_used": 0, "status_code": 400, "error_type": "unknown"}
{"timestamp": 1782279346.8498018, "key_index": 1, "latency_ms": 7433, "tokens_used": 1075, "status_code": 200, "error_type": "none"}
{"timestamp": 1782279353.2856405, "key_index": 2, "latency_ms": 6411, "tokens_used": 1068, "status_code": 200, "error_type": "none"}
{"timestamp": 1782279360.912703, "key_index": 3, "latency_ms": 7622, "tokens_used": 1059, "status_code": 200, "error_type": "none"}
{"timestamp": 1782279368.1342254, "key_index": 4, "latency_ms": 7217, "tokens_used": 1081, "status_code": 200, "error_type": "none"}
{"timestamp": 1782279375.3300664, "key_index": 5, "latency_ms": 7191, "tokens_used": 1072, "status_code": 200, "error_type": "none"}
{"timestamp": 1782279380.9982433, "key_index": 6, "latency_ms": 5667, "tokens_used": 1133, "status_code": 200, "error_type": "none"}
{"timestamp": 1782279387.9974618, "key_index": 7, "latency_ms": 6995, "tokens_used": 1073, "status_code": 200, "error_type": "none"}
{"timestamp": 1782279394.2798185, "key_index": 8, "latency_ms": 6278, "tokens_used": 1073, "status_code": 200, "error_type": "none"}
{"timestamp": 1782279398.4718783, "key_index": 9, "latency_ms": 4190, "tokens_used": 1142, "status_code": 200, "error_type": "none"}
{"timestamp": 1782279406.4740884, "key_index": 10, "latency_ms": 7998, "tokens_used": 1074, "status_code": 200, "error_type": "none"}
{"timestamp": 1782279416.60548, "key_index": 11, "latency_ms": 10127, "tokens_used": 1068, "status_code": 200, "error_type": "none"}
{"timestamp": 1782279425.5157363, "key_index": 12, "latency_ms": 8889, "tokens_used": 1067, "status_code": 200, "error_type": "none"}
{"timestamp": 1782279435.3379486, "key_index": 13, "latency_ms": 9798, "tokens_used": 1070, "status_code": 200, "error_type": "none"}
{"timestamp": 1782279445.2745965, "key_index": 14, "latency_ms": 9932, "tokens_used": 1078, "status_code": 200, "error_type": "none"}
{"timestamp": 1782279454.2413597, "key_index": 15, "latency_ms": 8952, "tokens_used": 1072, "status_code": 200, "error_type": "none"}
{"timestamp": 1782279466.5485454, "key_index": 16, "latency_ms": 12296, "tokens_used": 1068, "status_code": 200, "error_type": "none"}
{"timestamp": 1782279475.5385509, "key_index": 17, "latency_ms": 8973, "tokens_used": 1075, "status_code": 200, "error_type": "none"}
{"timestamp": 1782279481.6699052, "key_index": 18, "latency_ms": 6123, "tokens_used": 1068, "status_code": 200, "error_type": "none"}
{"timestamp": 1782279495.9308982, "key_index": 19, "latency_ms": 14256, "tokens_used": 1074, "status_code": 200, "error_type": "none"}
{"timestamp": 1782279507.3921072, "key_index": 20, "latency_ms": 11455, "tokens_used": 1067, "status_code": 200, "error_type": "none"}
{"timestamp": 1782279515.3469286, "key_index": 21, "latency_ms": 7944, "tokens_used": 1070, "status_code": 200, "error_type": "none"}
{"timestamp": 1782279520.4406087, "key_index": 22, "latency_ms": 5080, "tokens_used": 1068, "status_code": 200, "error_type": "none"}
{"timestamp": 1782279521.6907532, "key_index": 23, "latency_ms": 1237, "tokens_used": 0, "status_code": 429, "error_type": "request_limit"}
{"timestamp": 1782279588.0882287, "key_index": 24, "latency_ms": 1325, "tokens_used": 0, "status_code": 429, "error_type": "request_limit"}
{"timestamp": 1782279661.8429987, "key_index": 25, "latency_ms": 8735, "tokens_used": 1086, "status_code": 200, "error_type": "none"}
{"timestamp": 1782279671.803673, "key_index": 26, "latency_ms": 9947, "tokens_used": 1062, "status_code": 200, "error_type": "none"}
{"timestamp": 1782279686.5745022, "key_index": 27, "latency_ms": 14716, "tokens_used": 1078, "status_code": 200, "error_type": "none"}
{"timestamp": 1782279701.0265114, "key_index": 28, "latency_ms": 14431, "tokens_used": 1080, "status_code": 200, "error_type": "none"}
{"timestamp": 1782279708.9548638, "key_index": 29, "latency_ms": 7895, "tokens_used": 1071, "status_code": 200, "error_type": "none"}
{"timestamp": 1782279718.185564, "key_index": 30, "latency_ms": 9209, "tokens_used": 1071, "status_code": 200, "error_type": "none"}
{"timestamp": 1782279732.4500113, "key_index": 31, "latency_ms": 14241, "tokens_used": 1155, "status_code": 200, "error_type": "none"}
{"timestamp": 1782279742.1406097, "key_index": 32, "latency_ms": 9654, "tokens_used": 1079, "status_code": 200, "error_type": "none"}
{"timestamp": 1782279754.4284384, "key_index": 33, "latency_ms": 12235, "tokens_used": 1175, "status_code": 200, "error_type": "none"}
{"timestamp": 1782279760.4431422, "key_index": 34, "latency_ms": 5967, "tokens_used": 0, "status_code": 500, "error_type": "server_error"}
{"timestamp": 1782279780.731067, "key_index": 35, "latency_ms": 20196, "tokens_used": 1086, "status_code": 200, "error_type": "none"}
{"timestamp": 1782279794.1222992, "key_index": 36, "latency_ms": 13323, "tokens_used": 1063, "status_code": 200, "error_type": "none"}
{"timestamp": 1782279805.7788305, "key_index": 37, "latency_ms": 11650, "tokens_used": 1095, "status_code": 200, "error_type": "none"}
{"timestamp": 1782279818.0777273, "key_index": 38, "latency_ms": 12280, "tokens_used": 1058, "status_code": 200, "error_type": "none"}
{"timestamp": 1782279839.8661184, "key_index": 39, "latency_ms": 21784, "tokens_used": 1072, "status_code": 200, "error_type": "none"}
{"timestamp": 1782279849.4361668, "key_index": 40, "latency_ms": 9533, "tokens_used": 1073, "status_code": 200, "error_type": "none"}
{"timestamp": 1782279855.2233152, "key_index": 41, "latency_ms": 5782, "tokens_used": 0, "status_code": 500, "error_type": "server_error"}
{"timestamp": 1782279860.720591, "key_index": 42, "latency_ms": 5454, "tokens_used": 0, "status_code": 500, "error_type": "server_error"}
{"timestamp": 1782279868.747034, "key_index": 43, "latency_ms": 8009, "tokens_used": 1065, "status_code": 200, "error_type": "none"}
{"timestamp": 1782279873.1969402, "key_index": 43, "latency_ms": 4413, "tokens_used": 0, "status_code": 500, "error_type": "server_error"}
{"timestamp": 1782279876.0812814, "key_index": 0, "latency_ms": 2863, "tokens_used": 0, "status_code": 429, "error_type": "request_limit"}
{"timestamp": 1782279952.4339716, "key_index": 1, "latency_ms": 11343, "tokens_used": 1071, "status_code": 200, "error_type": "none"}
{"timestamp": 1782279961.9139667, "key_index": 2, "latency_ms": 9471, "tokens_used": 1071, "status_code": 200, "error_type": "none"}
{"timestamp": 1782279967.4935212, "key_index": 3, "latency_ms": 5555, "tokens_used": 0, "status_code": 500, "error_type": "server_error"}
{"timestamp": 1782279971.9481392, "key_index": 4, "latency_ms": 4439, "tokens_used": 0, "status_code": 500, "error_type": "server_error"}
{"timestamp": 1782279976.0629687, "key_index": 5, "latency_ms": 4089, "tokens_used": 0, "status_code": 500, "error_type": "server_error"}
{"timestamp": 1782279980.555456, "key_index": 6, "latency_ms": 4483, "tokens_used": 0, "status_code": 500, "error_type": "server_error"}
{"timestamp": 1782279987.8408768, "key_index": 7, "latency_ms": 7275, "tokens_used": 1064, "status_code": 200, "error_type": "none"}
{"timestamp": 1782279993.607708, "key_index": 8, "latency_ms": 5759, "tokens_used": 0, "status_code": 500, "error_type": "server_error"}
{"timestamp": 1782280489.9483297, "key_index": 1, "latency_ms": 83891, "tokens_used": 4378, "status_code": 200, "error_type": "none"}
